    Finished `release` profile [optimized] target(s) in 0.19s
     Running `/Users/kyle/code/BitVMX-CPU/target/release/emulator execute --elf /Users/kyle/code/BitVMX-CPU/poc/one_way_option/build/one_way_option.elf --trace --debug --verify`
[32m INFO[0m Execute program /Users/kyle/code/BitVMX-CPU/poc/one_way_option/build/one_way_option.elf with input: []
[32m INFO[0m 0000000000000000;00000000;00000000;0000000000000000;00000000;00000000;0000000000000000;00000000;00;00000000;00000000;00000000;00000000;00;00000000;2a;99d44d377bc5936d8cb7f5df90713d84c7587739
[32m INFO[0m Step: 1 PC: 0x80000000:0 Opcode: 0xe0800137 Instruction: Lui(UType(3766485303)) 
[32m INFO[0m 0000000000000001;00000000;00000000;0000000000000000;00000000;00000000;0000000000000000;80000000;00;e0800137;f0000008;e0800000;80000004;00;00000000;28;66f7acdf3756a36211293baf3e40bb3be37dc575
[32m INFO[0m Step: 2 PC: 0x80000004:0 Opcode: 0xffc10113 Instruction: Addi(IType(4290838803)) 
[32m INFO[0m 0000000000000002;f0000008;e0800000;0000000000000001;00000000;00000000;0000000000000000;80000004;00;ffc10113;f0000008;e07ffffc;80000008;00;00000000;08;a309c5fba8e39240ba1ea62fad1fd32b086a7792
[32m INFO[0m Step: 3 PC: 0x80000008:0 Opcode: 0x090000ef Instruction: Jal(JType(150995183)) 
[32m INFO[0m 0000000000000003;00000000;00000000;0000000000000000;00000000;00000000;0000000000000000;80000008;00;090000ef;f0000004;8000000c;80000098;00;00000000;28;83a4ba2b9e206ecb9e19e955e3cf54726c44f203
[32m INFO[0m Step: 4 PC: 0x80000098:0 Opcode: 0xfe010113 Instruction: Addi(IType(4261478675)) 
[32m INFO[0m 0000000000000004;f0000008;e07ffffc;0000000000000002;00000000;00000000;0000000000000000;80000098;00;fe010113;f0000008;e07fffdc;8000009c;00;00000000;08;3a466f170c754d8ae5f6798c127edb5688311b42
[32m INFO[0m Step: 5 PC: 0x8000009c:0 Opcode: 0x00112e23 Instruction: Sw(SType(1125923)) 
[32m INFO[0m 0000000000000005;f0000008;e07fffdc;0000000000000004;f0000004;8000000c;0000000000000003;8000009c;00;00112e23;e07ffff8;8000000c;800000a0;00;00000000;01;ecbdb33ed7d3d9162d30242642f1e58514d37e75
[32m INFO[0m Step: 6 PC: 0x800000a0:0 Opcode: 0x00410513 Instruction: Addi(IType(4261139)) 
[32m INFO[0m 0000000000000006;f0000008;e07fffdc;0000000000000004;00000000;00000000;0000000000000000;800000a0;00;00410513;f0000028;e07fffe0;800000a4;00;00000000;08;49e2a103132c941404c6ed55b2c15191bbbaf0f1
[32m INFO[0m Step: 7 PC: 0x800000a4:0 Opcode: 0x00000097 Instruction: Auipc(UType(151)) 
[32m INFO[0m 0000000000000007;00000000;00000000;0000000000000000;00000000;00000000;0000000000000000;800000a4;00;00000097;f0000004;800000a4;800000a8;00;00000000;28;2006d079bcc3ec9b2dba2c284b16f2552699f5e4
[32m INFO[0m Step: 8 PC: 0x800000a8:0 Opcode: 0xfc4080e7 Instruction: Jalr(IType(4232085735)) 
[32m INFO[0m 0000000000000008;f0000004;800000a4;0000000000000007;00000000;00000000;0000000000000000;800000a8;00;fc4080e7;f0000004;800000ac;80000068;00;00000000;08;47fe57047558f3f9f5e5d27f5537450f82e670b4
[32m INFO[0m Step: 9 PC: 0x80000068:0 Opcode: 0x0065c5b7 Instruction: Lui(UType(6669751)) 
[32m INFO[0m 0000000000000009;00000000;00000000;0000000000000000;00000000;00000000;0000000000000000;80000068;00;0065c5b7;f000002c;0065c000;8000006c;00;00000000;28;00a472b6e4160707a1855e9ef9b9bbfc1f2ce512
[32m INFO[0m Step: 10 PC: 0x8000006c:0 Opcode: 0x00049637 Instruction: Lui(UType(300599)) 
[32m INFO[0m 000000000000000a;00000000;00000000;0000000000000000;00000000;00000000;0000000000000000;8000006c;00;00049637;f0000030;00049000;80000070;00;00000000;28;ea00ebc7f61430ffd06879b60b126f44a482f7e5
[32m INFO[0m Step: 11 PC: 0x80000070:0 Opcode: 0x00100693 Instruction: Addi(IType(1050259)) 
[32m INFO[0m 000000000000000b;f0000000;00000000;ffffffffffffffff;00000000;00000000;0000000000000000;80000070;00;00100693;f0000034;00000001;80000074;00;00000000;08;62305bac3500b3429e95be80ffcad546b3d7065a
[32m INFO[0m Step: 12 PC: 0x80000074:0 Opcode: 0x9aa58593 Instruction: Addi(IType(2594538899)) 
[32m INFO[0m 000000000000000c;f000002c;0065c000;0000000000000009;00000000;00000000;0000000000000000;80000074;00;9aa58593;f000002c;0065b9aa;80000078;00;00000000;08;4a02a94efc8b060c9b9a6090ac43c43de6a559b2
[32m INFO[0m Step: 13 PC: 0x80000078:0 Opcode: 0x3e060613 Instruction: Addi(IType(1040582163)) 
[32m INFO[0m 000000000000000d;f0000030;00049000;000000000000000a;00000000;00000000;0000000000000000;80000078;00;3e060613;f0000030;000493e0;8000007c;00;00000000;08;466ef672f7da2ed9ea5311f72f6a13deff61dff8
[32m INFO[0m Step: 14 PC: 0x8000007c:0 Opcode: 0x00b52023 Instruction: Sw(SType(11870243)) 
[32m INFO[0m 000000000000000e;f0000028;e07fffe0;0000000000000006;f000002c;0065b9aa;000000000000000c;8000007c;00;00b52023;e07fffe0;0065b9aa;80000080;00;00000000;01;eeb265b7cb9317e6e5e1828478f1a9fdf4d89a57
[32m INFO[0m Step: 15 PC: 0x80000080:0 Opcode: 0x00c52223 Instruction: Sw(SType(12919331)) 
[32m INFO[0m 000000000000000f;f0000028;e07fffe0;0000000000000006;f0000030;000493e0;000000000000000d;80000080;00;00c52223;e07fffe4;000493e0;80000084;00;00000000;01;ced3976afdd901614322804741f999ed3f148d3f
[32m INFO[0m Step: 16 PC: 0x80000084:0 Opcode: 0x00d52423 Instruction: Sw(SType(13968419)) 
[32m INFO[0m 0000000000000010;f0000028;e07fffe0;0000000000000006;f0000034;00000001;000000000000000b;80000084;00;00d52423;e07fffe8;00000001;80000088;00;00000000;01;3c0eae194e9334d89b868b26fe0656a6381648f7
[32m INFO[0m Step: 17 PC: 0x80000088:0 Opcode: 0x00d52623 Instruction: Sw(SType(13968931)) 
[32m INFO[0m 0000000000000011;f0000028;e07fffe0;0000000000000006;f0000034;00000001;000000000000000b;80000088;00;00d52623;e07fffec;00000001;8000008c;00;00000000;01;e34d8d2af19c7291f96bb4357efdc58e456a5f14
[32m INFO[0m Step: 18 PC: 0x8000008c:0 Opcode: 0x00c52823 Instruction: Sw(SType(12920867)) 
[32m INFO[0m 0000000000000012;f0000028;e07fffe0;0000000000000006;f0000030;000493e0;000000000000000d;8000008c;00;00c52823;e07ffff0;000493e0;80000090;00;00000000;01;18267560a8eddae8f67d3f36e79e978e7ce9a4b7
[32m INFO[0m Step: 19 PC: 0x80000090:0 Opcode: 0x00052a23 Instruction: Sw(SType(338467)) 
[32m INFO[0m 0000000000000013;f0000028;e07fffe0;0000000000000006;f0000000;00000000;ffffffffffffffff;80000090;00;00052a23;e07ffff4;00000000;80000094;00;00000000;01;0ab420600cc051c54cfbe40e3016cd39e4ee9d1d
[32m INFO[0m Step: 20 PC: 0x80000094:0 Opcode: 0x00008067 Instruction: Jalr(IType(32871)) 
[32m INFO[0m 0000000000000014;f0000004;800000ac;0000000000000008;00000000;00000000;0000000000000000;80000094;00;00008067;00000000;00000000;800000ac;00;00000000;0a;a8702fbc3d09c7240f79cb131b54d1ed2db14746
[32m INFO[0m Step: 21 PC: 0x800000ac:0 Opcode: 0x00410513 Instruction: Addi(IType(4261139)) 
[32m INFO[0m 0000000000000015;f0000008;e07fffdc;0000000000000004;00000000;00000000;0000000000000000;800000ac;00;00410513;f0000028;e07fffe0;800000b0;00;00000000;08;8be99b5cd000e51d928e95832e7500dc94ade0ea
[32m INFO[0m Step: 22 PC: 0x800000b0:0 Opcode: 0x00000097 Instruction: Auipc(UType(151)) 
[32m INFO[0m 0000000000000016;00000000;00000000;0000000000000000;00000000;00000000;0000000000000000;800000b0;00;00000097;f0000004;800000b0;800000b4;00;00000000;28;2d9fd8e2b9903d3cca08ad376a7f2b4029a8decc
[32m INFO[0m Step: 23 PC: 0x800000b4:0 Opcode: 0xf68080e7 Instruction: Jalr(IType(4135616743)) 
[32m INFO[0m 0000000000000017;f0000004;800000b0;0000000000000016;00000000;00000000;0000000000000000;800000b4;00;f68080e7;f0000004;800000b8;80000018;00;00000000;08;b0aff475879d8d8b13bdb3fb1cf174e544b832ab
[32m INFO[0m Step: 24 PC: 0x80000018:0 Opcode: 0x00052583 Instruction: Lw(IType(337283)) 
[32m INFO[0m 0000000000000018;f0000028;e07fffe0;0000000000000015;e07fffe0;0065b9aa;000000000000000e;80000018;00;00052583;f000002c;0065b9aa;8000001c;00;00000000;04;1c57e4a603cc104bf10da013f8f7bdf3b78f97e5
[32m INFO[0m Step: 25 PC: 0x8000001c:0 Opcode: 0xa0002637 Instruction: Lui(UType(2684364343)) 
[32m INFO[0m 0000000000000019;00000000;00000000;0000000000000000;00000000;00000000;0000000000000000;8000001c;00;a0002637;f0000030;a0002000;80000020;00;00000000;28;2197d9abf57cd88b1854af37c9c78e823a0c4d84
[32m INFO[0m Step: 26 PC: 0x80000020:0 Opcode: 0x00b62023 Instruction: Sw(SType(11935779)) 
[32m INFO[0m 000000000000001a;f0000030;a0002000;0000000000000019;f000002c;0065b9aa;0000000000000018;80000020;00;00b62023;a0002000;0065b9aa;80000024;00;00000000;01;14777a3dddb114e756cf5823763b59dfb8632ca5
[32m INFO[0m Step: 27 PC: 0x80000024:0 Opcode: 0x00452583 Instruction: Lw(IType(4531587)) 
[32m INFO[0m 000000000000001b;f0000028;e07fffe0;0000000000000015;e07fffe4;000493e0;000000000000000f;80000024;00;00452583;f000002c;000493e0;80000028;00;00000000;04;fa009737832d9136e7ba2de2e7120d61db087a8f
[32m INFO[0m Step: 28 PC: 0x80000028:0 Opcode: 0x00b62223 Instruction: Sw(SType(11936291)) 
[32m INFO[0m 000000000000001c;f0000030;a0002000;0000000000000019;f000002c;000493e0;000000000000001b;80000028;00;00b62223;a0002004;000493e0;8000002c;00;00000000;01;e21a5faaf12f4c3ef88c602181be3e8d972a52b0
[32m INFO[0m Step: 29 PC: 0x8000002c:0 Opcode: 0x00852583 Instruction: Lw(IType(8725891)) 
[32m INFO[0m 000000000000001d;f0000028;e07fffe0;0000000000000015;e07fffe8;00000001;0000000000000010;8000002c;00;00852583;f000002c;00000001;80000030;00;00000000;04;7c2f0268ec04049f0e736691421d486e8ef8fb49
[32m INFO[0m Step: 30 PC: 0x80000030:0 Opcode: 0x00b62423 Instruction: Sw(SType(11936803)) 
[32m INFO[0m 000000000000001e;f0000030;a0002000;0000000000000019;f000002c;00000001;000000000000001d;80000030;00;00b62423;a0002008;00000001;80000034;00;00000000;01;247072aa4c7417537bc424ee144bf119130ff139
[32m INFO[0m Step: 31 PC: 0x80000034:0 Opcode: 0x00c52583 Instruction: Lw(IType(12920195)) 
[32m INFO[0m 000000000000001f;f0000028;e07fffe0;0000000000000015;e07fffec;00000001;0000000000000011;80000034;00;00c52583;f000002c;00000001;80000038;00;00000000;04;9f950b6b5c02b7cbdcad0e43c6be1cb9ad1b518f
[32m INFO[0m Step: 32 PC: 0x80000038:0 Opcode: 0x00b62623 Instruction: Sw(SType(11937315)) 
[32m INFO[0m 0000000000000020;f0000030;a0002000;0000000000000019;f000002c;00000001;000000000000001f;80000038;00;00b62623;a000200c;00000001;8000003c;00;00000000;01;4070180c08c14ab1800493572237f95c60d524bf
[32m INFO[0m Step: 33 PC: 0x8000003c:0 Opcode: 0x01052583 Instruction: Lw(IType(17114499)) 
[32m INFO[0m 0000000000000021;f0000028;e07fffe0;0000000000000015;e07ffff0;000493e0;0000000000000012;8000003c;00;01052583;f000002c;000493e0;80000040;00;00000000;04;87638e1232ca11dedcdb1c13d4642b6ada888e92
[32m INFO[0m Step: 34 PC: 0x80000040:0 Opcode: 0x00b62823 Instruction: Sw(SType(11937827)) 
[32m INFO[0m 0000000000000022;f0000030;a0002000;0000000000000019;f000002c;000493e0;0000000000000021;80000040;00;00b62823;a0002010;000493e0;80000044;00;00000000;01;f5ecac2f0f676577b3c7fbda56b35de7c99eb245
[32m INFO[0m Step: 35 PC: 0x80000044:0 Opcode: 0x01452503 Instruction: Lw(IType(21308675)) 
[32m INFO[0m 0000000000000023;f0000028;e07fffe0;0000000000000015;e07ffff4;00000000;0000000000000013;80000044;00;01452503;f0000028;00000000;80000048;00;00000000;04;b5174bb3c293e0dab40d6918fb44ad5dffec6435
[32m INFO[0m Step: 36 PC: 0x80000048:0 Opcode: 0xdeadc5b7 Instruction: Lui(UType(3735930295)) 
[32m INFO[0m 0000000000000024;00000000;00000000;0000000000000000;00000000;00000000;0000000000000000;80000048;00;deadc5b7;f000002c;deadc000;8000004c;00;00000000;28;db20dd53e17df1130c8144e6aab2fa43f3755079
[32m INFO[0m Step: 37 PC: 0x8000004c:0 Opcode: 0x00a62a23 Instruction: Sw(SType(10889763)) 
[32m INFO[0m 0000000000000025;f0000030;a0002000;0000000000000019;f0000028;00000000;0000000000000023;8000004c;00;00a62a23;a0002014;00000000;80000050;00;00000000;01;7ac68eb05c9e04faee456acc9b65f5467aae4a18
[32m INFO[0m Step: 38 PC: 0x80000050:0 Opcode: 0x12345537 Instruction: Lui(UType(305419575)) 
[32m INFO[0m 0000000000000026;00000000;00000000;0000000000000000;00000000;00000000;0000000000000000;80000050;00;12345537;f0000028;12345000;80000054;00;00000000;28;1a79f31f9233b1838fa3e68b4b343cca73210d1b
[32m INFO[0m Step: 39 PC: 0x80000054:0 Opcode: 0xeef58593 Instruction: Addi(IType(4009067923)) 
[32m INFO[0m 0000000000000027;f000002c;deadc000;0000000000000024;00000000;00000000;0000000000000000;80000054;00;eef58593;f000002c;deadbeef;80000058;00;00000000;08;d6d083281a60f8eceaa3ab4dd5072a97a620009b
[32m INFO[0m Step: 40 PC: 0x80000058:0 Opcode: 0x67850513 Instruction: Addi(IType(1736770835)) 
[32m INFO[0m 0000000000000028;f0000028;12345000;0000000000000026;00000000;00000000;0000000000000000;80000058;00;67850513;f0000028;12345678;8000005c;00;00000000;08;146f36821ae9c9a529da039abf4ebb2dd442afe1
[32m INFO[0m Step: 41 PC: 0x8000005c:0 Opcode: 0x00b62c23 Instruction: Sw(SType(11938851)) 
[32m INFO[0m 0000000000000029;f0000030;a0002000;0000000000000019;f000002c;deadbeef;0000000000000027;8000005c;00;00b62c23;a0002018;deadbeef;80000060;00;00000000;01;d14acbeadf6e97dc172f15a5e543553ce888a9ef
[32m INFO[0m Step: 42 PC: 0x80000060:0 Opcode: 0x00a62e23 Instruction: Sw(SType(10890787)) 
[32m INFO[0m 000000000000002a;f0000030;a0002000;0000000000000019;f0000028;12345678;0000000000000028;80000060;00;00a62e23;a000201c;12345678;80000064;00;00000000;01;dbae6e96088dc683dce545dadc610e3f65a8d88e
[32m INFO[0m Step: 43 PC: 0x80000064:0 Opcode: 0x00008067 Instruction: Jalr(IType(32871)) 
[32m INFO[0m 000000000000002b;f0000004;800000b8;0000000000000017;00000000;00000000;0000000000000000;80000064;00;00008067;00000000;00000000;800000b8;00;00000000;0a;741cfd5ad241df0b1b0744a1276a10c4a2118e34
[32m INFO[0m Step: 44 PC: 0x800000b8:0 Opcode: 0x00000513 Instruction: Addi(IType(1299)) 
[32m INFO[0m 000000000000002c;f0000000;00000000;ffffffffffffffff;00000000;00000000;0000000000000000;800000b8;00;00000513;f0000028;00000000;800000bc;00;00000000;08;ad270fe15d35ee9f0e912d467fc3fbf65a96502d
[32m INFO[0m Step: 45 PC: 0x800000bc:0 Opcode: 0x05d00893 Instruction: Addi(IType(97519763)) 
[32m INFO[0m 000000000000002d;f0000000;00000000;ffffffffffffffff;00000000;00000000;0000000000000000;800000bc;00;05d00893;f0000044;0000005d;800000c0;00;00000000;08;c5c298531593a74cf6344f6c495150a659109c6c
[32m INFO[0m Step: 46 PC: 0x800000c0:0 Opcode: 0x00050513 Instruction: Addi(IType(328979)) 
[32m INFO[0m 000000000000002e;f0000028;00000000;000000000000002c;00000000;00000000;0000000000000000;800000c0;00;00050513;f0000028;00000000;800000c4;00;00000000;08;92322d55ae61a823407082f1c6e8f79559655e4e
[32m INFO[0m Step: 47 PC: 0x800000c4:0 Opcode: 0x00000073 Instruction: Ecall 
[32m INFO[0m Exit code: 0x00000000
[32m INFO[0m Register 0: 0x00000000
[32m INFO[0m Register 1: 0x800000b8
[32m INFO[0m Register 2: 0xe07fffdc
[32m INFO[0m Register 3: 0x00000000
[32m INFO[0m Register 4: 0x00000000
[32m INFO[0m Register 5: 0x00000000
[32m INFO[0m Register 6: 0x00000000
[32m INFO[0m Register 7: 0x00000000
[32m INFO[0m Register 8: 0x00000000
[32m INFO[0m Register 9: 0x00000000
[32m INFO[0m Register 10: 0x00000000
[32m INFO[0m Register 11: 0xdeadbeef
[32m INFO[0m Register 12: 0xa0002000
[32m INFO[0m Register 13: 0x00000001
[32m INFO[0m Register 14: 0x00000000
[32m INFO[0m Register 15: 0x00000000
[32m INFO[0m Register 16: 0x00000000
[32m INFO[0m Register 17: 0x0000005d
[32m INFO[0m Register 18: 0x00000000
[32m INFO[0m Register 19: 0x00000000
[32m INFO[0m Register 20: 0x00000000
[32m INFO[0m Register 21: 0x00000000
[32m INFO[0m Register 22: 0x00000000
[32m INFO[0m Register 23: 0x00000000
[32m INFO[0m Register 24: 0x00000000
[32m INFO[0m Register 25: 0x00000000
[32m INFO[0m Register 26: 0x00000000
[32m INFO[0m Register 27: 0x00000000
[32m INFO[0m Register 28: 0x00000000
[32m INFO[0m Register 29: 0x00000000
[32m INFO[0m Register 30: 0x00000000
[32m INFO[0m Register 31: 0x00000000
[32m INFO[0m Total steps: 47 0x000000000000002f
[32m INFO[0m 000000000000002f;f0000044;0000005d;000000000000002d;f0000028;00000000;000000000000002e;800000c4;00;00000073;f0000028;00000000;800000c4;00;00000000;00;7175baa9616fb26580a72572fb1cfbea9252925f
[32m INFO[0m Instructions verified on chain:  47
[32m INFO[0m Last hash: 7175baa9616fb26580a72572fb1cfbea9252925f
[32m INFO[0m Execution result: Halt(0, 47)
